2020-12-17 18:39:32 [34mINFO [0;39m [1;33mmain[0;39m [1;32mcom.template.sample.SampleApplication:55[0;39m Starting SampleApplication using Java 1.8.0_251 on DESKTOP-JSACJ3O with PID 5668 (E:\gaosp\study\code\template\mySample\base\target\classes started by TangTang in E:\gaosp\study\code\template\mySample)
2020-12-17 18:39:32 [34mINFO [0;39m [1;33mmain[0;39m [1;32mcom.template.sample.SampleApplication:660[0;39m No active profile set, falling back to default profiles: default
2020-12-17 18:39:35 [34mINFO [0;39m [1;33mmain[0;39m [1;32morg.springframework.boot.web.embedded.tomcat.TomcatWebServer:108[0;39m Tomcat initialized with port(s): 8080 (http)
2020-12-17 18:39:35 [34mINFO [0;39m [1;33mmain[0;39m [1;32morg.apache.coyote.http11.Http11NioProtocol:173[0;39m Initializing ProtocolHandler ["http-nio-8080"]
2020-12-17 18:39:35 [34mINFO [0;39m [1;33mmain[0;39m [1;32morg.apache.catalina.core.StandardService:173[0;39m Starting service [Tomcat]
2020-12-17 18:39:35 [34mINFO [0;39m [1;33mmain[0;39m [1;32morg.apache.catalina.core.StandardEngine:173[0;39m Starting Servlet engine: [Apache Tomcat/9.0.41]
2020-12-17 18:39:35 [34mINFO [0;39m [1;33mmain[0;39m [1;32morg.apache.catalina.core.ContainerBase.[Tomcat].[localhost].[/]:173[0;39m Initializing Spring embedded WebApplicationContext
2020-12-17 18:39:35 [34mINFO [0;39m [1;33mmain[0;39m [1;32morg.springframework.boot.web.servlet.context.ServletWebServerApplicationContext:289[0;39m Root WebApplicationContext: initialization completed in 2944 ms
2020-12-17 18:39:36 [34mINFO [0;39m [1;33mmain[0;39m [1;32morg.springframework.scheduling.concurrent.ThreadPoolTaskExecutor:181[0;39m Initializing ExecutorService 'applicationTaskExecutor'
2020-12-17 18:39:36 [34mINFO [0;39m [1;33mmain[0;39m [1;32morg.apache.coyote.http11.Http11NioProtocol:173[0;39m Starting ProtocolHandler ["http-nio-8080"]
2020-12-17 18:39:36 [34mINFO [0;39m [1;33mmain[0;39m [1;32morg.springframework.boot.web.embedded.tomcat.TomcatWebServer:220[0;39m Tomcat started on port(s): 8080 (http) with context path ''
2020-12-17 18:39:36 [34mINFO [0;39m [1;33mmain[0;39m [1;32mcom.template.sample.SampleApplication:61[0;39m Started SampleApplication in 5.552 seconds (JVM running for 7.502)
2020-12-17 18:40:09 [34mINFO [0;39m [1;33mhttp-nio-8080-exec-1[0;39m [1;32morg.apache.catalina.core.ContainerBase.[Tomcat].[localhost].[/]:173[0;39m Initializing Spring DispatcherServlet 'dispatcherServlet'
2020-12-17 18:40:09 [34mINFO [0;39m [1;33mhttp-nio-8080-exec-1[0;39m [1;32morg.springframework.web.servlet.DispatcherServlet:525[0;39m Initializing Servlet 'dispatcherServlet'
2020-12-17 18:40:09 [34mINFO [0;39m [1;33mhttp-nio-8080-exec-1[0;39m [1;32morg.springframework.web.servlet.DispatcherServlet:547[0;39m Completed initialization in 1 ms
2020-12-17 18:40:10 [34mINFO [0;39m [1;33mhttp-nio-8080-exec-1[0;39m [1;32mcom.template.sample.controller.UserController:25[0;39m com.template.sample.controller.UserController.selectByPrimaryKey id:1
2020-12-17 18:40:10 [34mINFO [0;39m [1;33mhttp-nio-8080-exec-1[0;39m [1;32mcom.zaxxer.hikari.HikariDataSource:110[0;39m test - Starting...
2020-12-17 18:40:10 [31mWARN [0;39m [1;33mhttp-nio-8080-exec-1[0;39m [1;32mcom.zaxxer.hikari.util.DriverDataSource:70[0;39m Registered driver with driverClassName=com.mysql.jdbc.Driver was not found, trying direct instantiation.
2020-12-17 18:40:13 [34mINFO [0;39m [1;33mhttp-nio-8080-exec-1[0;39m [1;32mcom.zaxxer.hikari.HikariDataSource:123[0;39m test - Start completed.
2020-12-17 18:40:13 [34mINFO [0;39m [1;33mhttp-nio-8080-exec-1[0;39m [1;32mcom.template.sample.controller.UserController:27[0;39m com.template.sample.controller.UserController.selectByPrimaryKey user:User(id=1, name=张三, account=zhangsan, age=15)
2020-12-17 18:40:25 [34mINFO [0;39m [1;33mhttp-nio-8080-exec-2[0;39m [1;32mcom.template.sample.controller.UserController:25[0;39m com.template.sample.controller.UserController.selectByPrimaryKey id:2
2020-12-17 18:40:25 [34mINFO [0;39m [1;33mhttp-nio-8080-exec-2[0;39m [1;32mcom.template.sample.controller.UserController:27[0;39m com.template.sample.controller.UserController.selectByPrimaryKey user:null
